<?xml version="1.0" encoding="UTF-8"?>
<testng-results ignored="0" total="1" passed="1" failed="0" skipped="0">
  <reporter-output>
  </reporter-output>
  <suite started-at="2023-05-10T12:49:01 EET" name="Default suite" finished-at="2023-05-10T12:49:22 EET" duration-ms="21186">
    <groups>
    </groups>
    <test started-at="2023-05-10T12:49:01 EET" name="Default test" finished-at="2023-05-10T12:49:22 EET" duration-ms="21186">
      <class name="testcase.testevennumber">
        <test-method is-config="true" signature="beforetest()[pri:0, instance:testcase.testevennumber@67d48005]" started-at="2023-05-10T12:49:01 EET" name="beforetest" finished-at="2023-05-10T12:49:01 EET" duration-ms="17" status="PASS">
          <reporter-output>
          </reporter-output>
        </test-method> <!-- beforetest -->
        <test-method signature="clickonevennumber()[pri:0, instance:testcase.testevennumber@67d48005]" started-at="2023-05-10T12:49:01 EET" name="clickonevennumber" finished-at="2023-05-10T12:49:22 EET" duration-ms="21133" status="PASS">
          <reporter-output>
          </reporter-output>
        </test-method> <!-- clickonevennumber -->
        <test-method is-config="true" signature="aftertest()[pri:0, instance:testcase.testevennumber@67d48005]" started-at="2023-05-10T12:49:22 EET" name="aftertest" finished-at="2023-05-10T12:49:22 EET" duration-ms="0" status="PASS">
          <reporter-output>
          </reporter-output>
        </test-method> <!-- aftertest -->
      </class> <!-- testcase.testevennumber -->
    </test> <!-- Default test -->
  </suite> <!-- Default suite -->
</testng-results>
